<?xml version="1.0" encoding="UTF-8"?>
<testsuite name="PasswordValidationServiceTest" tests="5" skipped="0" failures="0" errors="0" timestamp="2020-03-13T21:12:39" hostname="a483e72efed0" time="0.368">
  <properties/>
  <testcase name="validate_password_invalid_characters" classname="PasswordValidationServiceTest" time="0.362"/>
  <testcase name="validate_password_incorrect_length" classname="PasswordValidationServiceTest" time="0.001"/>
  <testcase name="validate_password_with_spaces" classname="PasswordValidationServiceTest" time="0.001"/>
  <testcase name="validate_password_happy_path" classname="PasswordValidationServiceTest" time="0.002"/>
  <testcase name="validate_password_repeated_sequence" classname="PasswordValidationServiceTest" time="0.0"/>
  <system-out><![CDATA[]]></system-out>
  <system-err><![CDATA[]]></system-err>
</testsuite>
